2025-10-31 11:44:55.459 - devicepilot - ERROR - Could not start devicepilot KeyError: "Couldn't find ('Unit', 'CANID', '') in config for Mover1"
Traceback (most recent call last):
  File "C:\codes\DP\devicepilots_r2\pyrunner\.venv\Lib\site-packages\devicepilot\hw_abstraction\hardware_controller_base.py", line 218, in get_config
    return self.config_manager.get_config(section_key_enum, default)
           ^^^^^^^^^^^^^^^^^^^^^^^^^^^^^^^^^^^^^^^^^^^^^^^^^^^^^^^^^
  File "C:\codes\DP\devicepilots_r2\pyrunner\.venv\Lib\site-packages\devicepilot\utils\config_manager.py", line 136, in get_config
    value = self._get_value(section=section, key=key, default=default)
            ^^^^^^^^^^^^^^^^^^^^^^^^^^^^^^^^^^^^^^^^^^^^^^^^^^^^^^^^^^
  File "C:\codes\DP\devicepilots_r2\pyrunner\.venv\Lib\site-packages\devicepilot\utils\config_manager.py", line 106, in _get_value
    raise KeyError('section not found:' + section + " " + key)
KeyError: 'section not found:Unit CANID'

The above exception was the direct cause of the following exception:

Traceback (most recent call last):
  File "C:\codes\DP\devicepilots_r2\pyrunner\.venv\Lib\site-packages\devicepilot\bootstrap\bootstraper.py", line 264, in startup
    self.setup()
  File "C:\codes\DP\devicepilots_r2\pyrunner\instrument_control\bootstrap\bootstrap.py", line 11, in setup
    hal = HAL()
          ^^^^^
  File "C:\codes\DP\devicepilots_r2\pyrunner\instrument_control\hw_abstraction\hal.py", line 34, in __init__
    self.mover1:Mover               = self.hw_controller_factory( Mover,  hal_enum.HAL.Mover1 )
                                      ^^^^^^^^^^^^^^^^^^^^^^^^^^^^^^^^^^^^^^^^^^^^^^^^^^^^^^^^^
  File "C:\codes\DP\devicepilots_r2\pyrunner\.venv\Lib\site-packages\devicepilot\hw_abstraction\hal.py", line 61, in hw_controller_factory
    hw_controller = hw_controller_class(hal_ctrl_enum)
                    ^^^^^^^^^^^^^^^^^^^^^^^^^^^^^^^^^^
  File "C:\codes\DP\devicepilots_r2\pyrunner\.venv\Lib\site-packages\devicepilot\hw_abstraction\mover_ctrl.py", line 25, in __init__
    super().__init__(hal_enum)
  File "C:\codes\DP\devicepilots_r2\pyrunner\.venv\Lib\site-packages\devicepilot\hw_abstraction\hardware_controller_base.py", line 68, in __init__
    self.can_id = self.get_config(config_enum_base.Unit.CANID)
                  ^^^^^^^^^^^^^^^^^^^^^^^^^^^^^^^^^^^^^^^^^^^^
  File "C:\codes\DP\devicepilots_r2\pyrunner\.venv\Lib\site-packages\devicepilot\hw_abstraction\hardware_controller_base.py", line 220, in get_config
    raise KeyError(f"Couldn't find {section_key_enum} in config for {self.name}") from e
KeyError: "Couldn't find ('Unit', 'CANID', '') in config for Mover1"

2025-10-31 12:40:38.731 - devicepilot - ERROR - Websocket Receiver crashno close frame received or sent
2025-10-31 12:44:40.811 - devicepilot - ERROR - Error in run_method AttributeError: 'FanControlFunctionsSim' object has no attribute 'SetSpeed'
Traceback (most recent call last):
  File "C:\codes\DP\devicepilots_r2\pyrunner\.venv\Lib\site-packages\devicepilot\gccore\gccore_main.py", line 125, in run_method
    val = await methodref(*real_param)
          ^^^^^^^^^^^^^^^^^^^^^^^^^^^^
  File "C:\codes\DP\devicepilots_r2\pyrunner\instrument_control\predefined_tasks\hw_tests\fan_control_test.py", line 51, in set_fan_speed
    await f.set_fan_speed(speed)
  File "C:\codes\DP\devicepilots_r2\pyrunner\instrument_control\hw_abstraction\vu_fan.py", line 51, in set_fan_speed
    await self.endpoint.SetSpeed(self.unit_channel[i], manual_fan_speed)
          ^^^^^^^^^^^^^^^^^^^^^^
AttributeError: 'FanControlFunctionsSim' object has no attribute 'SetSpeed'

2025-10-31 12:44:40.811 - devicepilot - ERROR - 
2025-10-31 12:44:40.811 - devicepilot - ERROR - 
2025-10-31 12:53:52.542 - devicepilot - ERROR - Error in run_method TypeError: 'int' object is not subscriptable
Traceback (most recent call last):
  File "C:\codes\DP\devicepilots_r2\pyrunner\.venv\Lib\site-packages\devicepilot\gccore\gccore_main.py", line 125, in run_method
    val = await methodref(*real_param)
          ^^^^^^^^^^^^^^^^^^^^^^^^^^^^
  File "C:\codes\DP\devicepilots_r2\pyrunner\instrument_control\predefined_tasks\hw_tests\fan_control_test.py", line 30, in get_fan_speed
    fan_speed = await f.get_fan_speed()
                ^^^^^^^^^^^^^^^^^^^^^^^
  File "C:\codes\DP\devicepilots_r2\pyrunner\instrument_control\hw_abstraction\vu_fan.py", line 57, in get_fan_speed
    speed_val = (await self.endpoint.get_speed(self.unit_channel[i]))[0]
                ~~~~~~~~~~~~~~~~~~~~~~~~~~~~~~~~~~~~~~~~~~~~~~~~~~~~^^^^
TypeError: 'int' object is not subscriptable

2025-10-31 12:53:52.542 - devicepilot - ERROR - 
2025-10-31 12:53:52.542 - devicepilot - ERROR - 
2025-10-31 13:11:20.941 - devicepilot - ERROR - Could not start devicepilot KeyError: "Couldn't find ('Unit', 'CANID', '') in config for FlashlampFan"
Traceback (most recent call last):
  File "C:\codes\DP\devicepilots_r2\pyrunner\.venv\Lib\site-packages\devicepilot\hw_abstraction\hardware_controller_base.py", line 218, in get_config
    return self.config_manager.get_config(section_key_enum, default)
           ^^^^^^^^^^^^^^^^^^^^^^^^^^^^^^^^^^^^^^^^^^^^^^^^^^^^^^^^^
  File "C:\codes\DP\devicepilots_r2\pyrunner\.venv\Lib\site-packages\devicepilot\utils\config_manager.py", line 136, in get_config
    value = self._get_value(section=section, key=key, default=default)
            ^^^^^^^^^^^^^^^^^^^^^^^^^^^^^^^^^^^^^^^^^^^^^^^^^^^^^^^^^^
  File "C:\codes\DP\devicepilots_r2\pyrunner\.venv\Lib\site-packages\devicepilot\utils\config_manager.py", line 106, in _get_value
    raise KeyError('section not found:' + section + " " + key)
KeyError: 'section not found:Unit CANID'

The above exception was the direct cause of the following exception:

Traceback (most recent call last):
  File "C:\codes\DP\devicepilots_r2\pyrunner\.venv\Lib\site-packages\devicepilot\bootstrap\bootstraper.py", line 264, in startup
    self.setup()
  File "C:\codes\DP\devicepilots_r2\pyrunner\instrument_control\bootstrap\bootstrap.py", line 11, in setup
    hal = HAL()
          ^^^^^
  File "C:\codes\DP\devicepilots_r2\pyrunner\instrument_control\hw_abstraction\hal.py", line 47, in __init__
    self.flashlamp_fan = self.hw_controller_factory( Fan, hal_enum.HAL.FlashlampFan )
                         ^^^^^^^^^^^^^^^^^^^^^^^^^^^^^^^^^^^^^^^^^^^^^^^^^^^^^^^^^^^^
  File "C:\codes\DP\devicepilots_r2\pyrunner\.venv\Lib\site-packages\devicepilot\hw_abstraction\hal.py", line 61, in hw_controller_factory
    hw_controller = hw_controller_class(hal_ctrl_enum)
                    ^^^^^^^^^^^^^^^^^^^^^^^^^^^^^^^^^^
  File "C:\codes\DP\devicepilots_r2\pyrunner\instrument_control\hw_abstraction\vu_fan.py", line 8, in __init__
    super().__init__( hal_vu_enum)
  File "C:\codes\DP\devicepilots_r2\pyrunner\.venv\Lib\site-packages\devicepilot\hw_abstraction\fan_ctrl.py", line 52, in __init__
    super().__init__(hal_enum)
  File "C:\codes\DP\devicepilots_r2\pyrunner\.venv\Lib\site-packages\devicepilot\hw_abstraction\hardware_controller_base.py", line 68, in __init__
    self.can_id = self.get_config(config_enum_base.Unit.CANID)
                  ^^^^^^^^^^^^^^^^^^^^^^^^^^^^^^^^^^^^^^^^^^^^
  File "C:\codes\DP\devicepilots_r2\pyrunner\.venv\Lib\site-packages\devicepilot\hw_abstraction\hardware_controller_base.py", line 220, in get_config
    raise KeyError(f"Couldn't find {section_key_enum} in config for {self.name}") from e
KeyError: "Couldn't find ('Unit', 'CANID', '') in config for FlashlampFan"

2025-10-31 13:13:26.398 - devicepilot - ERROR - gc_predefined_tasks> Fan index 1 is out of range.
2025-10-31 13:13:26.399 - devicepilot - ERROR - Fan index 1 is out of range.
2025-10-31 13:13:33.391 - devicepilot - ERROR - gc_predefined_tasks> Fan index 2 is out of range.
2025-10-31 13:13:33.391 - devicepilot - ERROR - Fan index 2 is out of range.
2025-10-31 14:57:01.515 - devicepilot - ERROR - Error in run_method AttributeError: 'TemperatureUnit' object has no attribute 'get_feedback_value'
Traceback (most recent call last):
  File "C:\codes\DP\devicepilots_r2\pyrunner\.venv\Lib\site-packages\devicepilot\gccore\gccore_main.py", line 125, in run_method
    val = await methodref(*real_param)
          ^^^^^^^^^^^^^^^^^^^^^^^^^^^^
  File "C:\codes\DP\devicepilots_r2\pyrunner\instrument_control\predefined_tasks\hw_tests\temperature_unit_test.py", line 53, in get_current_temperature
    temp_values = await tu.get_temperature_values()
                  ^^^^^^^^^^^^^^^^^^^^^^^^^^^^^^^^^
  File "C:\codes\DP\devicepilots_r2\pyrunner\instrument_control\hw_abstraction\vu_temperature_unit.py", line 21, in get_temperature_values
    temp = await self.get_feedback_value()
                 ^^^^^^^^^^^^^^^^^^^^^^^
AttributeError: 'TemperatureUnit' object has no attribute 'get_feedback_value'

2025-10-31 14:57:01.516 - devicepilot - ERROR - 
2025-10-31 14:57:01.516 - devicepilot - ERROR - 
2025-10-31 15:02:20.516 - devicepilot - ERROR - Error in run_method TypeError: type tuple doesn't define __round__ method
Traceback (most recent call last):
  File "C:\codes\DP\devicepilots_r2\pyrunner\.venv\Lib\site-packages\devicepilot\gccore\gccore_main.py", line 125, in run_method
    val = await methodref(*real_param)
          ^^^^^^^^^^^^^^^^^^^^^^^^^^^^
  File "C:\codes\DP\devicepilots_r2\pyrunner\instrument_control\predefined_tasks\hw_tests\temperature_unit_test.py", line 53, in get_current_temperature
    temp_values = await tu.get_temperature_values()
                  ^^^^^^^^^^^^^^^^^^^^^^^^^^^^^^^^^
  File "C:\codes\DP\devicepilots_r2\pyrunner\instrument_control\hw_abstraction\vu_temperature_unit.py", line 21, in get_temperature_values
    temp = await self.get_pid_feedback_value()
           ^^^^^^^^^^^^^^^^^^^^^^^^^^^^^^^^^^^
  File "C:\codes\DP\devicepilots_r2\pyrunner\.venv\Lib\site-packages\devicepilot\hw_abstraction\temperature_ctrl.py", line 65, in get_pid_feedback_value
    return round(feedback_val, 2)
           ^^^^^^^^^^^^^^^^^^^^^^
TypeError: type tuple doesn't define __round__ method

2025-10-31 15:02:20.516 - devicepilot - ERROR - 
2025-10-31 15:02:20.516 - devicepilot - ERROR - 
2025-10-31 15:05:28.495 - devicepilot - ERROR - Error in run_method TypeError: type tuple doesn't define __round__ method
Traceback (most recent call last):
  File "C:\codes\DP\devicepilots_r2\pyrunner\.venv\Lib\site-packages\devicepilot\gccore\gccore_main.py", line 125, in run_method
    val = await methodref(*real_param)
          ^^^^^^^^^^^^^^^^^^^^^^^^^^^^
  File "C:\codes\DP\devicepilots_r2\pyrunner\instrument_control\predefined_tasks\hw_tests\temperature_unit_test.py", line 53, in get_current_temperature
    temp_values = await tu.get_temperature_values()
                  ^^^^^^^^^^^^^^^^^^^^^^^^^^^^^^^^^
  File "C:\codes\DP\devicepilots_r2\pyrunner\instrument_control\hw_abstraction\vu_temperature_unit.py", line 21, in get_temperature_values
    temp = await self.get_pid_feedback_value()
           ^^^^^^^^^^^^^^^^^^^^^^^^^^^^^^^^^^^
  File "C:\codes\DP\devicepilots_r2\pyrunner\.venv\Lib\site-packages\devicepilot\hw_abstraction\temperature_ctrl.py", line 65, in get_pid_feedback_value
    return round(feedback_val, 2)
           ^^^^^^^^^^^^^^^^^^^^^^
TypeError: type tuple doesn't define __round__ method

2025-10-31 15:05:28.496 - devicepilot - ERROR - 
2025-10-31 15:05:28.496 - devicepilot - ERROR - 
2025-10-31 15:10:12.187 - devicepilot - ERROR - Error in run_method TypeError: unsupported operand type(s) for -: 'tuple' and 'float'
Traceback (most recent call last):
  File "C:\codes\DP\devicepilots_r2\pyrunner\.venv\Lib\site-packages\devicepilot\gccore\gccore_main.py", line 125, in run_method
    val = await methodref(*real_param)
          ^^^^^^^^^^^^^^^^^^^^^^^^^^^^
  File "C:\codes\DP\devicepilots_r2\pyrunner\instrument_control\predefined_tasks\hw_tests\temperature_unit_test.py", line 45, in get_current_temperature
    temp_values = await tu.get_temperature_values()
                  ^^^^^^^^^^^^^^^^^^^^^^^^^^^^^^^^^
  File "C:\codes\DP\devicepilots_r2\pyrunner\instrument_control\hw_abstraction\vu_temperature_unit.py", line 22, in get_temperature_values
    output = await self.get_output_workload()
             ^^^^^^^^^^^^^^^^^^^^^^^^^^^^^^^^
  File "C:\codes\DP\devicepilots_r2\pyrunner\.venv\Lib\site-packages\devicepilot\hw_abstraction\temperature_ctrl.py", line 88, in get_output_workload
    output_in_percent = self._map_number_to_range(input_val=out_val,
                        ^^^^^^^^^^^^^^^^^^^^^^^^^^^^^^^^^^^^^^^^^^^^
  File "C:\codes\DP\devicepilots_r2\pyrunner\.venv\Lib\site-packages\devicepilot\hw_abstraction\temperature_ctrl.py", line 195, in _map_number_to_range
    return_val = (out_min + (float(input_val - in_min)) / float(in_max - in_min) * (out_max - out_min))
                                   ~~~~~~~~~~^~~~~~~~
TypeError: unsupported operand type(s) for -: 'tuple' and 'float'

2025-10-31 15:10:12.187 - devicepilot - ERROR - 
2025-10-31 15:10:12.187 - devicepilot - ERROR - 
2025-10-31 15:11:46.176 - devicepilot - ERROR - Error in run_method TypeError: unsupported operand type(s) for -: 'tuple' and 'float'
Traceback (most recent call last):
  File "C:\codes\DP\devicepilots_r2\pyrunner\.venv\Lib\site-packages\devicepilot\gccore\gccore_main.py", line 125, in run_method
    val = await methodref(*real_param)
          ^^^^^^^^^^^^^^^^^^^^^^^^^^^^
  File "C:\codes\DP\devicepilots_r2\pyrunner\instrument_control\predefined_tasks\hw_tests\temperature_unit_test.py", line 53, in get_current_temperature
    temp_values = await tu.get_temperature_values()
                  ^^^^^^^^^^^^^^^^^^^^^^^^^^^^^^^^^
  File "C:\codes\DP\devicepilots_r2\pyrunner\instrument_control\hw_abstraction\vu_temperature_unit.py", line 22, in get_temperature_values
    output = await self.get_output_workload()
             ^^^^^^^^^^^^^^^^^^^^^^^^^^^^^^^^
  File "C:\codes\DP\devicepilots_r2\pyrunner\.venv\Lib\site-packages\devicepilot\hw_abstraction\temperature_ctrl.py", line 89, in get_output_workload
    output_in_percent = self._map_number_to_range(input_val=out_val,
                        ^^^^^^^^^^^^^^^^^^^^^^^^^^^^^^^^^^^^^^^^^^^^
  File "C:\codes\DP\devicepilots_r2\pyrunner\.venv\Lib\site-packages\devicepilot\hw_abstraction\temperature_ctrl.py", line 196, in _map_number_to_range
    return_val = (out_min + (float(input_val - in_min)) / float(in_max - in_min) * (out_max - out_min))
                                   ~~~~~~~~~~^~~~~~~~
TypeError: unsupported operand type(s) for -: 'tuple' and 'float'

2025-10-31 15:11:46.176 - devicepilot - ERROR - 
2025-10-31 15:11:46.176 - devicepilot - ERROR - 
2025-10-31 15:12:19.463 - devicepilot - ERROR - Error in run_method TypeError: unsupported operand type(s) for -: 'tuple' and 'float'
Traceback (most recent call last):
  File "C:\codes\DP\devicepilots_r2\pyrunner\.venv\Lib\site-packages\devicepilot\gccore\gccore_main.py", line 125, in run_method
    val = await methodref(*real_param)
          ^^^^^^^^^^^^^^^^^^^^^^^^^^^^
  File "C:\codes\DP\devicepilots_r2\pyrunner\instrument_control\predefined_tasks\hw_tests\temperature_unit_test.py", line 53, in get_current_temperature
    temp_values = await tu.get_temperature_values()
                  ^^^^^^^^^^^^^^^^^^^^^^^^^^^^^^^^^
  File "C:\codes\DP\devicepilots_r2\pyrunner\instrument_control\hw_abstraction\vu_temperature_unit.py", line 22, in get_temperature_values
    output = await self.get_output_workload()
             ^^^^^^^^^^^^^^^^^^^^^^^^^^^^^^^^
  File "C:\codes\DP\devicepilots_r2\pyrunner\.venv\Lib\site-packages\devicepilot\hw_abstraction\temperature_ctrl.py", line 89, in get_output_workload
    output_in_percent = self._map_number_to_range(input_val=out_val,
                        ^^^^^^^^^^^^^^^^^^^^^^^^^^^^^^^^^^^^^^^^^^^^
  File "C:\codes\DP\devicepilots_r2\pyrunner\.venv\Lib\site-packages\devicepilot\hw_abstraction\temperature_ctrl.py", line 196, in _map_number_to_range
    return_val = (out_min + (float(input_val - in_min)) / float(in_max - in_min) * (out_max - out_min))
                                   ~~~~~~~~~~^~~~~~~~
TypeError: unsupported operand type(s) for -: 'tuple' and 'float'

2025-10-31 15:12:19.463 - devicepilot - ERROR - 
2025-10-31 15:12:19.463 - devicepilot - ERROR - 
2025-10-31 16:23:39.392 - devicepilot - ERROR - Could not start devicepilot KeyError: "Couldn't find ('Unit', 'CANID', '') in config for PMTch1Cooling"
Traceback (most recent call last):
  File "C:\codes\DP\devicepilots_r2\pyrunner\.venv\Lib\site-packages\devicepilot\hw_abstraction\hardware_controller_base.py", line 218, in get_config
    return self.config_manager.get_config(section_key_enum, default)
           ^^^^^^^^^^^^^^^^^^^^^^^^^^^^^^^^^^^^^^^^^^^^^^^^^^^^^^^^^
  File "C:\codes\DP\devicepilots_r2\pyrunner\.venv\Lib\site-packages\devicepilot\utils\config_manager.py", line 136, in get_config
    value = self._get_value(section=section, key=key, default=default)
            ^^^^^^^^^^^^^^^^^^^^^^^^^^^^^^^^^^^^^^^^^^^^^^^^^^^^^^^^^^
  File "C:\codes\DP\devicepilots_r2\pyrunner\.venv\Lib\site-packages\devicepilot\utils\config_manager.py", line 105, in _get_value
    return section_obj.keys[key]
           ~~~~~~~~~~~~~~~~^^^^^
KeyError: 'CANID'

The above exception was the direct cause of the following exception:

Traceback (most recent call last):
  File "C:\codes\DP\devicepilots_r2\pyrunner\.venv\Lib\site-packages\devicepilot\bootstrap\bootstraper.py", line 264, in startup
    self.setup()
  File "C:\codes\DP\devicepilots_r2\pyrunner\instrument_control\bootstrap\bootstrap.py", line 11, in setup
    hal = HAL()
          ^^^^^
  File "C:\codes\DP\devicepilots_r2\pyrunner\instrument_control\hw_abstraction\hal.py", line 52, in __init__
    self.pmtch1_cooling = self.hw_controller_factory( TemperatureUnit, hal_enum.HAL.PMTch1Cooling )
                         ^^^^^^^^^^^^^^^^^^^^^^^^^^^^^^^^^^^^^^^^^^^^^^^^^^^^^^^^^^^^^^^^^^^^^^^^^
  File "C:\codes\DP\devicepilots_r2\pyrunner\.venv\Lib\site-packages\devicepilot\hw_abstraction\hal.py", line 61, in hw_controller_factory
    hw_controller = hw_controller_class(hal_ctrl_enum)
                    ^^^^^^^^^^^^^^^^^^^^^^^^^^^^^^^^^^
  File "C:\codes\DP\devicepilots_r2\pyrunner\instrument_control\hw_abstraction\vu_temperature_unit.py", line 5, in __init__
    super().__init__( hal_vu_enum)
  File "C:\codes\DP\devicepilots_r2\pyrunner\.venv\Lib\site-packages\devicepilot\hw_abstraction\temperature_ctrl.py", line 11, in __init__
    super().__init__(hal_enum)
  File "C:\codes\DP\devicepilots_r2\pyrunner\.venv\Lib\site-packages\devicepilot\hw_abstraction\hardware_controller_base.py", line 68, in __init__
    self.can_id = self.get_config(config_enum_base.Unit.CANID)
                  ^^^^^^^^^^^^^^^^^^^^^^^^^^^^^^^^^^^^^^^^^^^^
  File "C:\codes\DP\devicepilots_r2\pyrunner\.venv\Lib\site-packages\devicepilot\hw_abstraction\hardware_controller_base.py", line 220, in get_config
    raise KeyError(f"Couldn't find {section_key_enum} in config for {self.name}") from e
KeyError: "Couldn't find ('Unit', 'CANID', '') in config for PMTch1Cooling"

2025-11-03 09:49:26.322 - devicepilot - ERROR - Error in run_method TypeError: unsupported operand type(s) for -: 'tuple' and 'float'
Traceback (most recent call last):
  File "C:\codes\DP\devicepilots_r2\pyrunner\.venv\Lib\site-packages\devicepilot\gccore\gccore_main.py", line 125, in run_method
    val = await methodref(*real_param)
          ^^^^^^^^^^^^^^^^^^^^^^^^^^^^
  File "C:\codes\DP\devicepilots_r2\pyrunner\instrument_control\predefined_tasks\hw_tests\temperature_unit_test.py", line 53, in get_current_temperature
    temp_values = await tu.get_temperature_values()
                  ^^^^^^^^^^^^^^^^^^^^^^^^^^^^^^^^^
  File "C:\codes\DP\devicepilots_r2\pyrunner\instrument_control\hw_abstraction\vu_temperature_unit.py", line 22, in get_temperature_values
    output = await self.get_output_workload()
             ^^^^^^^^^^^^^^^^^^^^^^^^^^^^^^^^
  File "C:\codes\DP\devicepilots_r2\pyrunner\.venv\Lib\site-packages\devicepilot\hw_abstraction\temperature_ctrl.py", line 89, in get_output_workload
    output_in_percent = self._map_number_to_range(input_val=out_val,
                        ^^^^^^^^^^^^^^^^^^^^^^^^^^^^^^^^^^^^^^^^^^^^
  File "C:\codes\DP\devicepilots_r2\pyrunner\.venv\Lib\site-packages\devicepilot\hw_abstraction\temperature_ctrl.py", line 196, in _map_number_to_range
    return_val = (out_min + (float(input_val - in_min)) / float(in_max - in_min) * (out_max - out_min))
                                   ~~~~~~~~~~^~~~~~~~
TypeError: unsupported operand type(s) for -: 'tuple' and 'float'

2025-11-03 09:49:26.322 - devicepilot - ERROR - 
2025-11-03 09:49:26.322 - devicepilot - ERROR - 
2025-11-03 15:38:18.282 - devicepilot - ERROR - Could not start devicepilot Exception: Simulation endpoint for CAN ID 276 already exists, but is of type <class 'devicepilot.urpc_sim.moverfunctions_sim.MoverFunctionsSim'>. Expected type: <class 'devicepilot.urpc_sim.nodefunctions_sim.NodeFunctionsSim'>.
Traceback (most recent call last):
  File "C:\codes\DP\devicepilots_r2\pyrunner\.venv\Lib\site-packages\devicepilot\bootstrap\bootstraper.py", line 264, in startup
    self.setup()
  File "C:\codes\DP\devicepilots_r2\pyrunner\instrument_control\bootstrap\bootstrap.py", line 11, in setup
    hal = HAL()
          ^^^^^
  File "C:\codes\DP\devicepilots_r2\pyrunner\instrument_control\hw_abstraction\hal.py", line 54, in __init__
    self.plate_door_sensor = self.hw_controller_factory( PlateDOorSensor, hal_enum.HAL.PlateDoorSensor )
                             ^^^^^^^^^^^^^^^^^^^^^^^^^^^^^^^^^^^^^^^^^^^^^^^^^^^^^^^^^^^^^^^^^^^^^^^^^^^
  File "C:\codes\DP\devicepilots_r2\pyrunner\.venv\Lib\site-packages\devicepilot\hw_abstraction\hal.py", line 61, in hw_controller_factory
    hw_controller = hw_controller_class(hal_ctrl_enum)
                    ^^^^^^^^^^^^^^^^^^^^^^^^^^^^^^^^^^
  File "C:\codes\DP\devicepilots_r2\pyrunner\instrument_control\hw_abstraction\plate_door_sensor.py", line 9, in __init__
    super().__init__(hal_vu_enum)
  File "C:\codes\DP\devicepilots_r2\pyrunner\.venv\Lib\site-packages\devicepilot\hw_abstraction\node_ctrl.py", line 72, in __init__
    self.endpoint: NodeFunctions = self.endpoint_factory(endpoint_class, endpoint_class_sim)
                                   ^^^^^^^^^^^^^^^^^^^^^^^^^^^^^^^^^^^^^^^^^^^^^^^^^^^^^^^^^
  File "C:\codes\DP\devicepilots_r2\pyrunner\.venv\Lib\site-packages\devicepilot\hw_abstraction\hardware_controller_base.py", line 83, in endpoint_factory
    return self._endpoint_factory(self.can_id, endpoint_class, endpoint_class_sim, self.simulation)
           ^^^^^^^^^^^^^^^^^^^^^^^^^^^^^^^^^^^^^^^^^^^^^^^^^^^^^^^^^^^^^^^^^^^^^^^^^^^^^^^^^^^^^^^^
  File "C:\codes\DP\devicepilots_r2\pyrunner\.venv\Lib\site-packages\devicepilot\urpc\endpointfactory.py", line 32, in endpoint_factory
    raise Exception(f"Simulation endpoint for CAN ID {can_id} already exists, but is of type {type(endpoint)}. Expected type: {endpoint_class_sim}.")
Exception: Simulation endpoint for CAN ID 276 already exists, but is of type <class 'devicepilot.urpc_sim.moverfunctions_sim.MoverFunctionsSim'>. Expected type: <class 'devicepilot.urpc_sim.nodefunctions_sim.NodeFunctionsSim'>.

2025-11-03 15:39:32.500 - devicepilot - ERROR - Could not start devicepilot Exception: Simulation endpoint for CAN ID 276 already exists, but is of type <class 'devicepilot.urpc_sim.moverfunctions_sim.MoverFunctionsSim'>. Expected type: <class 'devicepilot.urpc_sim.nodefunctions_sim.NodeFunctionsSim'>.
Traceback (most recent call last):
  File "C:\codes\DP\devicepilots_r2\pyrunner\.venv\Lib\site-packages\devicepilot\bootstrap\bootstraper.py", line 264, in startup
    self.setup()
  File "C:\codes\DP\devicepilots_r2\pyrunner\instrument_control\bootstrap\bootstrap.py", line 11, in setup
    hal = HAL()
          ^^^^^
  File "C:\codes\DP\devicepilots_r2\pyrunner\instrument_control\hw_abstraction\hal.py", line 54, in __init__
    self.plate_door_sensor = self.hw_controller_factory( PlateDOorSensor, hal_enum.HAL.PlateDoorSensor )
                             ^^^^^^^^^^^^^^^^^^^^^^^^^^^^^^^^^^^^^^^^^^^^^^^^^^^^^^^^^^^^^^^^^^^^^^^^^^^
  File "C:\codes\DP\devicepilots_r2\pyrunner\.venv\Lib\site-packages\devicepilot\hw_abstraction\hal.py", line 61, in hw_controller_factory
    hw_controller = hw_controller_class(hal_ctrl_enum)
                    ^^^^^^^^^^^^^^^^^^^^^^^^^^^^^^^^^^
  File "C:\codes\DP\devicepilots_r2\pyrunner\instrument_control\hw_abstraction\plate_door_sensor.py", line 9, in __init__
    super().__init__(hal_vu_enum)
  File "C:\codes\DP\devicepilots_r2\pyrunner\.venv\Lib\site-packages\devicepilot\hw_abstraction\node_ctrl.py", line 72, in __init__
    self.endpoint: NodeFunctions = self.endpoint_factory(endpoint_class, endpoint_class_sim)
                                   ^^^^^^^^^^^^^^^^^^^^^^^^^^^^^^^^^^^^^^^^^^^^^^^^^^^^^^^^^
  File "C:\codes\DP\devicepilots_r2\pyrunner\.venv\Lib\site-packages\devicepilot\hw_abstraction\hardware_controller_base.py", line 83, in endpoint_factory
    return self._endpoint_factory(self.can_id, endpoint_class, endpoint_class_sim, self.simulation)
           ^^^^^^^^^^^^^^^^^^^^^^^^^^^^^^^^^^^^^^^^^^^^^^^^^^^^^^^^^^^^^^^^^^^^^^^^^^^^^^^^^^^^^^^^
  File "C:\codes\DP\devicepilots_r2\pyrunner\.venv\Lib\site-packages\devicepilot\urpc\endpointfactory.py", line 32, in endpoint_factory
    raise Exception(f"Simulation endpoint for CAN ID {can_id} already exists, but is of type {type(endpoint)}. Expected type: {endpoint_class_sim}.")
Exception: Simulation endpoint for CAN ID 276 already exists, but is of type <class 'devicepilot.urpc_sim.moverfunctions_sim.MoverFunctionsSim'>. Expected type: <class 'devicepilot.urpc_sim.nodefunctions_sim.NodeFunctionsSim'>.

2025-11-03 15:42:30.925 - devicepilot - ERROR - Could not start devicepilot Exception: Simulation endpoint for CAN ID 276 already exists, but is of type <class 'devicepilot.urpc_sim.moverfunctions_sim.MoverFunctionsSim'>. Expected type: <class 'devicepilot.urpc_sim.nodefunctions_sim.NodeFunctionsSim'>.
Traceback (most recent call last):
  File "C:\codes\DP\devicepilots_r2\pyrunner\.venv\Lib\site-packages\devicepilot\bootstrap\bootstraper.py", line 264, in startup
    self.setup()
  File "C:\codes\DP\devicepilots_r2\pyrunner\instrument_control\bootstrap\bootstrap.py", line 11, in setup
    hal = HAL()
          ^^^^^
  File "C:\codes\DP\devicepilots_r2\pyrunner\instrument_control\hw_abstraction\hal.py", line 54, in __init__
    self.plate_door_sensor = self.hw_controller_factory( PlateDoorSensor, hal_enum.HAL.PlateDoorSensor )
                             ^^^^^^^^^^^^^^^^^^^^^^^^^^^^^^^^^^^^^^^^^^^^^^^^^^^^^^^^^^^^^^^^^^^^^^^^^^^
  File "C:\codes\DP\devicepilots_r2\pyrunner\.venv\Lib\site-packages\devicepilot\hw_abstraction\hal.py", line 61, in hw_controller_factory
    hw_controller = hw_controller_class(hal_ctrl_enum)
                    ^^^^^^^^^^^^^^^^^^^^^^^^^^^^^^^^^^
  File "C:\codes\DP\devicepilots_r2\pyrunner\instrument_control\hw_abstraction\plate_door_sensor.py", line 9, in __init__
    super().__init__(hal_vu_enum)
  File "C:\codes\DP\devicepilots_r2\pyrunner\.venv\Lib\site-packages\devicepilot\hw_abstraction\node_ctrl.py", line 72, in __init__
    self.endpoint: NodeFunctions = self.endpoint_factory(endpoint_class, endpoint_class_sim)
                                   ^^^^^^^^^^^^^^^^^^^^^^^^^^^^^^^^^^^^^^^^^^^^^^^^^^^^^^^^^
  File "C:\codes\DP\devicepilots_r2\pyrunner\.venv\Lib\site-packages\devicepilot\hw_abstraction\hardware_controller_base.py", line 83, in endpoint_factory
    return self._endpoint_factory(self.can_id, endpoint_class, endpoint_class_sim, self.simulation)
           ^^^^^^^^^^^^^^^^^^^^^^^^^^^^^^^^^^^^^^^^^^^^^^^^^^^^^^^^^^^^^^^^^^^^^^^^^^^^^^^^^^^^^^^^
  File "C:\codes\DP\devicepilots_r2\pyrunner\.venv\Lib\site-packages\devicepilot\urpc\endpointfactory.py", line 32, in endpoint_factory
    raise Exception(f"Simulation endpoint for CAN ID {can_id} already exists, but is of type {type(endpoint)}. Expected type: {endpoint_class_sim}.")
Exception: Simulation endpoint for CAN ID 276 already exists, but is of type <class 'devicepilot.urpc_sim.moverfunctions_sim.MoverFunctionsSim'>. Expected type: <class 'devicepilot.urpc_sim.nodefunctions_sim.NodeFunctionsSim'>.

2025-11-03 15:45:22.649 - devicepilot - ERROR - Could not start devicepilot AttributeError: 'PlateDoorSensor' object has no attribute 'create_endpoint'
Traceback (most recent call last):
  File "C:\codes\DP\devicepilots_r2\pyrunner\.venv\Lib\site-packages\devicepilot\bootstrap\bootstraper.py", line 264, in startup
    self.setup()
  File "C:\codes\DP\devicepilots_r2\pyrunner\instrument_control\bootstrap\bootstrap.py", line 11, in setup
    hal = HAL()
          ^^^^^
  File "C:\codes\DP\devicepilots_r2\pyrunner\instrument_control\hw_abstraction\hal.py", line 55, in __init__
    self.plate_door_sensor = self.hw_controller_factory( PlateDoorSensor, hal_enum.HAL.PlateDoorSensor )
                             ^^^^^^^^^^^^^^^^^^^^^^^^^^^^^^^^^^^^^^^^^^^^^^^^^^^^^^^^^^^^^^^^^^^^^^^^^^^
  File "C:\codes\DP\devicepilots_r2\pyrunner\.venv\Lib\site-packages\devicepilot\hw_abstraction\hal.py", line 61, in hw_controller_factory
    hw_controller = hw_controller_class(hal_ctrl_enum)
                    ^^^^^^^^^^^^^^^^^^^^^^^^^^^^^^^^^^
  File "C:\codes\DP\devicepilots_r2\pyrunner\instrument_control\hw_abstraction\plate_door_sensor.py", line 17, in __init__
    self.endpoint = self.create_endpoint( CANID, endpoint_class, endpoint_class_sim)
                    ^^^^^^^^^^^^^^^^^^^^
AttributeError: 'PlateDoorSensor' object has no attribute 'create_endpoint'

2025-11-03 15:50:30.531 - devicepilot - ERROR - Error in run_method AttributeError: 'NoneType' object has no attribute 'hal'
Traceback (most recent call last):
  File "C:\codes\DP\devicepilots_r2\pyrunner\.venv\Lib\site-packages\devicepilot\gccore\gccore_main.py", line 125, in run_method
    val = await methodref(*real_param)
          ^^^^^^^^^^^^^^^^^^^^^^^^^^^^
  File "C:\codes\DP\devicepilots_r2\pyrunner\instrument_control\predefined_tasks\hw_tests\plate_door_sensor_test.py", line 15, in get_plate_door_sensor_state
    sensor_state = await plate_door_sensor.get_sensor_input()
                   ^^^^^^^^^^^^^^^^^^^^^^^^^^^^^^^^^^^^^^^^^^
  File "C:\codes\DP\devicepilots_r2\pyrunner\instrument_control\hw_abstraction\plate_door_sensor.py", line 24, in get_sensor_input
    sensor_state = await self.endpoint.get_digital_input(self.get_config(platedoor_sensor_enum.Sensors.DigitalInput))
                   ^^^^^^^^^^^^^^^^^^^^^^^^^^^^^^^^^^^^^^^^^^^^^^^^^^^^^^^^^^^^^^^^^^^^^^^^^^^^^^^^^^^^^^^^^^^^^^^^^^
  File "C:\codes\DP\devicepilots_r2\pyrunner\.venv\Lib\site-packages\devicepilot\urpc_sim\nodefunctions_sim.py", line 71, in get_digital_input
    if VUnits.instance.hal.focusMover is not None:
       ^^^^^^^^^^^^^^^^^^^
AttributeError: 'NoneType' object has no attribute 'hal'

2025-11-03 15:50:30.532 - devicepilot - ERROR - 
2025-11-03 15:50:30.532 - devicepilot - ERROR - 
2025-11-03 15:50:35.845 - devicepilot - ERROR - Error in run_method AttributeError: 'NoneType' object has no attribute 'hal'
Traceback (most recent call last):
  File "C:\codes\DP\devicepilots_r2\pyrunner\.venv\Lib\site-packages\devicepilot\gccore\gccore_main.py", line 125, in run_method
    val = await methodref(*real_param)
          ^^^^^^^^^^^^^^^^^^^^^^^^^^^^
  File "C:\codes\DP\devicepilots_r2\pyrunner\instrument_control\predefined_tasks\hw_tests\plate_door_sensor_test.py", line 15, in get_plate_door_sensor_state
    sensor_state = await plate_door_sensor.get_sensor_input()
                   ^^^^^^^^^^^^^^^^^^^^^^^^^^^^^^^^^^^^^^^^^^
  File "C:\codes\DP\devicepilots_r2\pyrunner\instrument_control\hw_abstraction\plate_door_sensor.py", line 24, in get_sensor_input
    sensor_state = await self.endpoint.get_digital_input(self.get_config(platedoor_sensor_enum.Sensors.DigitalInput))
                   ^^^^^^^^^^^^^^^^^^^^^^^^^^^^^^^^^^^^^^^^^^^^^^^^^^^^^^^^^^^^^^^^^^^^^^^^^^^^^^^^^^^^^^^^^^^^^^^^^^
  File "C:\codes\DP\devicepilots_r2\pyrunner\.venv\Lib\site-packages\devicepilot\urpc_sim\nodefunctions_sim.py", line 71, in get_digital_input
    if VUnits.instance.hal.focusMover is not None:
       ^^^^^^^^^^^^^^^^^^^
AttributeError: 'NoneType' object has no attribute 'hal'

2025-11-03 15:50:35.845 - devicepilot - ERROR - 
2025-11-03 15:50:35.846 - devicepilot - ERROR - 
2025-11-03 15:50:35.991 - devicepilot - ERROR - Error in run_method AttributeError: 'NoneType' object has no attribute 'hal'
Traceback (most recent call last):
  File "C:\codes\DP\devicepilots_r2\pyrunner\.venv\Lib\site-packages\devicepilot\gccore\gccore_main.py", line 125, in run_method
    val = await methodref(*real_param)
          ^^^^^^^^^^^^^^^^^^^^^^^^^^^^
  File "C:\codes\DP\devicepilots_r2\pyrunner\instrument_control\predefined_tasks\hw_tests\plate_door_sensor_test.py", line 15, in get_plate_door_sensor_state
    sensor_state = await plate_door_sensor.get_sensor_input()
                   ^^^^^^^^^^^^^^^^^^^^^^^^^^^^^^^^^^^^^^^^^^
  File "C:\codes\DP\devicepilots_r2\pyrunner\instrument_control\hw_abstraction\plate_door_sensor.py", line 24, in get_sensor_input
    sensor_state = await self.endpoint.get_digital_input(self.get_config(platedoor_sensor_enum.Sensors.DigitalInput))
                   ^^^^^^^^^^^^^^^^^^^^^^^^^^^^^^^^^^^^^^^^^^^^^^^^^^^^^^^^^^^^^^^^^^^^^^^^^^^^^^^^^^^^^^^^^^^^^^^^^^
  File "C:\codes\DP\devicepilots_r2\pyrunner\.venv\Lib\site-packages\devicepilot\urpc_sim\nodefunctions_sim.py", line 71, in get_digital_input
    if VUnits.instance.hal.focusMover is not None:
       ^^^^^^^^^^^^^^^^^^^
AttributeError: 'NoneType' object has no attribute 'hal'

2025-11-03 15:50:35.991 - devicepilot - ERROR - 
2025-11-03 15:50:35.991 - devicepilot - ERROR - 
2025-11-03 15:50:36.150 - devicepilot - ERROR - Error in run_method AttributeError: 'NoneType' object has no attribute 'hal'
Traceback (most recent call last):
  File "C:\codes\DP\devicepilots_r2\pyrunner\.venv\Lib\site-packages\devicepilot\gccore\gccore_main.py", line 125, in run_method
    val = await methodref(*real_param)
          ^^^^^^^^^^^^^^^^^^^^^^^^^^^^
  File "C:\codes\DP\devicepilots_r2\pyrunner\instrument_control\predefined_tasks\hw_tests\plate_door_sensor_test.py", line 15, in get_plate_door_sensor_state
    sensor_state = await plate_door_sensor.get_sensor_input()
                   ^^^^^^^^^^^^^^^^^^^^^^^^^^^^^^^^^^^^^^^^^^
  File "C:\codes\DP\devicepilots_r2\pyrunner\instrument_control\hw_abstraction\plate_door_sensor.py", line 24, in get_sensor_input
    sensor_state = await self.endpoint.get_digital_input(self.get_config(platedoor_sensor_enum.Sensors.DigitalInput))
                   ^^^^^^^^^^^^^^^^^^^^^^^^^^^^^^^^^^^^^^^^^^^^^^^^^^^^^^^^^^^^^^^^^^^^^^^^^^^^^^^^^^^^^^^^^^^^^^^^^^
  File "C:\codes\DP\devicepilots_r2\pyrunner\.venv\Lib\site-packages\devicepilot\urpc_sim\nodefunctions_sim.py", line 71, in get_digital_input
    if VUnits.instance.hal.focusMover is not None:
       ^^^^^^^^^^^^^^^^^^^
AttributeError: 'NoneType' object has no attribute 'hal'

2025-11-03 15:50:36.151 - devicepilot - ERROR - 
2025-11-03 15:50:36.151 - devicepilot - ERROR - 
2025-11-03 15:50:36.305 - devicepilot - ERROR - Error in run_method AttributeError: 'NoneType' object has no attribute 'hal'
Traceback (most recent call last):
  File "C:\codes\DP\devicepilots_r2\pyrunner\.venv\Lib\site-packages\devicepilot\gccore\gccore_main.py", line 125, in run_method
    val = await methodref(*real_param)
          ^^^^^^^^^^^^^^^^^^^^^^^^^^^^
  File "C:\codes\DP\devicepilots_r2\pyrunner\instrument_control\predefined_tasks\hw_tests\plate_door_sensor_test.py", line 15, in get_plate_door_sensor_state
    sensor_state = await plate_door_sensor.get_sensor_input()
                   ^^^^^^^^^^^^^^^^^^^^^^^^^^^^^^^^^^^^^^^^^^
  File "C:\codes\DP\devicepilots_r2\pyrunner\instrument_control\hw_abstraction\plate_door_sensor.py", line 24, in get_sensor_input
    sensor_state = await self.endpoint.get_digital_input(self.get_config(platedoor_sensor_enum.Sensors.DigitalInput))
                   ^^^^^^^^^^^^^^^^^^^^^^^^^^^^^^^^^^^^^^^^^^^^^^^^^^^^^^^^^^^^^^^^^^^^^^^^^^^^^^^^^^^^^^^^^^^^^^^^^^
  File "C:\codes\DP\devicepilots_r2\pyrunner\.venv\Lib\site-packages\devicepilot\urpc_sim\nodefunctions_sim.py", line 71, in get_digital_input
    if VUnits.instance.hal.focusMover is not None:
       ^^^^^^^^^^^^^^^^^^^
AttributeError: 'NoneType' object has no attribute 'hal'

2025-11-03 15:50:36.305 - devicepilot - ERROR - 
2025-11-03 15:50:36.305 - devicepilot - ERROR - 
2025-11-03 15:55:50.579 - devicepilot - ERROR - Error in run_method AttributeError: 'MC6' object has no attribute 'get_sensor_input'
Traceback (most recent call last):
  File "C:\codes\DP\devicepilots_r2\pyrunner\.venv\Lib\site-packages\devicepilot\gccore\gccore_main.py", line 125, in run_method
    val = await methodref(*real_param)
          ^^^^^^^^^^^^^^^^^^^^^^^^^^^^
  File "C:\codes\DP\devicepilots_r2\pyrunner\instrument_control\predefined_tasks\hw_tests\plate_door_sensor_test.py", line 15, in get_plate_door_sensor_state
    sensor_state = await plate_door_sensor.get_sensor_input()
                         ^^^^^^^^^^^^^^^^^^^^^^^^^^^^^^^^^^
AttributeError: 'MC6' object has no attribute 'get_sensor_input'

2025-11-03 15:55:50.579 - devicepilot - ERROR - 
2025-11-03 15:55:50.579 - devicepilot - ERROR - 
2025-11-03 15:56:50.814 - devicepilot - ERROR - Error in run_method KeyError: "Couldn't find ('Sensors', 'DigitalInput', '') in config for MC6"
Traceback (most recent call last):
  File "C:\codes\DP\devicepilots_r2\pyrunner\.venv\Lib\site-packages\devicepilot\hw_abstraction\hardware_controller_base.py", line 218, in get_config
    return self.config_manager.get_config(section_key_enum, default)
           ^^^^^^^^^^^^^^^^^^^^^^^^^^^^^^^^^^^^^^^^^^^^^^^^^^^^^^^^^
  File "C:\codes\DP\devicepilots_r2\pyrunner\.venv\Lib\site-packages\devicepilot\utils\config_manager.py", line 136, in get_config
    value = self._get_value(section=section, key=key, default=default)
            ^^^^^^^^^^^^^^^^^^^^^^^^^^^^^^^^^^^^^^^^^^^^^^^^^^^^^^^^^^
  File "C:\codes\DP\devicepilots_r2\pyrunner\.venv\Lib\site-packages\devicepilot\utils\config_manager.py", line 106, in _get_value
    raise KeyError('section not found:' + section + " " + key)
KeyError: 'section not found:Sensors DigitalInput'

The above exception was the direct cause of the following exception:

Traceback (most recent call last):
  File "C:\codes\DP\devicepilots_r2\pyrunner\.venv\Lib\site-packages\devicepilot\gccore\gccore_main.py", line 125, in run_method
    val = await methodref(*real_param)
          ^^^^^^^^^^^^^^^^^^^^^^^^^^^^
  File "C:\codes\DP\devicepilots_r2\pyrunner\instrument_control\predefined_tasks\hw_tests\plate_door_sensor_test.py", line 15, in get_plate_door_sensor_state
    sensor_state = await plate_door_sensor.get_sensor_input()
                   ^^^^^^^^^^^^^^^^^^^^^^^^^^^^^^^^^^^^^^^^^^
  File "C:\codes\DP\devicepilots_r2\pyrunner\instrument_control\hw_abstraction\hal.py", line 34, in get_sensor_input
    sensor_state = await self.endpoint.get_digital_input(self.get_config(platedoor_sensor_enum.Sensors.DigitalInput))
                                                         ^^^^^^^^^^^^^^^^^^^^^^^^^^^^^^^^^^^^^^^^^^^^^^^^^^^^^^^^^^^
  File "C:\codes\DP\devicepilots_r2\pyrunner\.venv\Lib\site-packages\devicepilot\hw_abstraction\hardware_controller_base.py", line 220, in get_config
    raise KeyError(f"Couldn't find {section_key_enum} in config for {self.name}") from e
KeyError: "Couldn't find ('Sensors', 'DigitalInput', '') in config for MC6"

2025-11-03 15:56:50.815 - devicepilot - ERROR - 
2025-11-03 15:56:50.815 - devicepilot - ERROR - 
2025-11-03 16:00:42.944 - devicepilot - ERROR - Error in run_method AttributeError: 'NoneType' object has no attribute 'hal'
Traceback (most recent call last):
  File "C:\codes\DP\devicepilots_r2\pyrunner\.venv\Lib\site-packages\devicepilot\gccore\gccore_main.py", line 125, in run_method
    val = await methodref(*real_param)
          ^^^^^^^^^^^^^^^^^^^^^^^^^^^^
  File "C:\codes\DP\devicepilots_r2\pyrunner\instrument_control\predefined_tasks\hw_tests\plate_door_sensor_test.py", line 15, in get_plate_door_sensor_state
    sensor_state = await plate_door_sensor.get_sensor_input()
                   ^^^^^^^^^^^^^^^^^^^^^^^^^^^^^^^^^^^^^^^^^^
  File "C:\codes\DP\devicepilots_r2\pyrunner\instrument_control\hw_abstraction\hal.py", line 34, in get_sensor_input
    sensor_state = await self.endpoint.get_digital_input(self.get_config(platedoor_sensor_enum.Sensors.DigitalInput))
                   ^^^^^^^^^^^^^^^^^^^^^^^^^^^^^^^^^^^^^^^^^^^^^^^^^^^^^^^^^^^^^^^^^^^^^^^^^^^^^^^^^^^^^^^^^^^^^^^^^^
  File "C:\codes\DP\devicepilots_r2\pyrunner\.venv\Lib\site-packages\devicepilot\urpc_sim\nodefunctions_sim.py", line 71, in get_digital_input
    if VUnits.instance.hal.focusMover is not None:
       ^^^^^^^^^^^^^^^^^^^
AttributeError: 'NoneType' object has no attribute 'hal'

2025-11-03 16:00:42.944 - devicepilot - ERROR - 
2025-11-03 16:00:42.944 - devicepilot - ERROR - 
